Building DAG of jobs...
Using shell: /bin/bash
Provided cores: 1 (use --cores to define parallelism)
Rules claiming more threads will be scaled down.
Conda environments: ignored
Job counts:
	count	jobs
	1	all
	1	plot_figures
	3	seed_dispersal
	5
Select jobs to execute...

[Wed Apr  7 10:58:54 2021]
rule seed_dispersal:
    input: resources/Elevation/SRTM_Santa_Cruz.tif, results/output/000/simulated_movements.RData, resources/LandCover/Galapagos_Agroecosystems_LandCover2018.shp, resources/SDM_guava/Current/psidium_current_cut.gri
    output: results/output/100/simulated_data_seeds_1.RData
    jobid: 5
    wildcards: mfreq=1

[Wed Apr  7 11:04:19 2021]
Finished job 5.
1 of 5 steps (20%) done
Select jobs to execute...

[Wed Apr  7 11:04:19 2021]
rule seed_dispersal:
    input: resources/Elevation/SRTM_Santa_Cruz.tif, results/output/000/simulated_movements.RData, resources/LandCover/Galapagos_Agroecosystems_LandCover2018.shp, resources/SDM_guava/Current/psidium_current_cut.gri
    output: results/output/100/simulated_data_seeds_2.RData
    jobid: 6
    wildcards: mfreq=2

[Wed Apr  7 11:09:32 2021]
Finished job 6.
2 of 5 steps (40%) done
Select jobs to execute...

[Wed Apr  7 11:09:32 2021]
rule seed_dispersal:
    input: resources/Elevation/SRTM_Santa_Cruz.tif, results/output/000/simulated_movements.RData, resources/LandCover/Galapagos_Agroecosystems_LandCover2018.shp, resources/SDM_guava/Current/psidium_current_cut.gri
    output: results/output/100/simulated_data_seeds_4.RData
    jobid: 7
    wildcards: mfreq=4

[Wed Apr  7 11:14:42 2021]
Finished job 7.
3 of 5 steps (60%) done
Select jobs to execute...

[Wed Apr  7 11:14:42 2021]
rule plot_figures:
    input: resources/Elevation/SRTM_Santa_Cruz.tif, results/output/000/chull_highland.shp, results/output/000/chull_lowland.shp, results/output/000/galapagos_hexagons_data.csv, results/output/000/ORSIMresults.csv, results/output/000/simulated_movements.RData, results/output/100/simulated_data_seeds_1.RData, results/output/100/simulated_data_seeds_2.RData, results/output/100/simulated_data_seeds_4.RData, resources/LandCover/Galapagos_Agroecosystems_LandCover2018.shp, resources/LandCover/benitez_landcover_Santa_Cruz.shp, results/output/000/downslope_migration.RData
    output: results/figures/Figure_2.jpg, results/figures/Figure_S1.jpg, results/figures/Figure_S2.jpg, results/figures/Figure_S6.jpg
    jobid: 1

WildcardError in line 2 of /Volumes/Marius_SSD/Yale-MPIO/Galapagos/Galapagos-tortoise-migration/galapagos-tortoises/workflow/rules/figures.smk:
Wildcards in params cannot be determined from output files. Note that you have to use a function to deactivate automatic wildcard expansion in params strings, e.g., `lambda wildcards: '{test}'`. Also see https://snakemake.readthedocs.io/en/stable/snakefiles/rules.html#non-file-parameters-for-rules:
'mfreq'
  File "/Users/mariussomveille/miniconda3/lib/python3.8/site-packages/snakemake/executors/__init__.py", line 136, in run_jobs
  File "/Users/mariussomveille/miniconda3/lib/python3.8/site-packages/snakemake/executors/__init__.py", line 455, in run
  File "/Users/mariussomveille/miniconda3/lib/python3.8/site-packages/snakemake/executors/__init__.py", line 499, in run_single_job
  File "/Users/mariussomveille/miniconda3/lib/python3.8/site-packages/snakemake/executors/__init__.py", line 476, in job_args_and_prepare
