Building DAG of jobs...
Using shell: /bin/bash
Provided cores: 1 (use --cores to define parallelism)
Rules claiming more threads will be scaled down.
Conda environments: ignored
Job counts:
	count	jobs
	1	all
	1	plot_figures
	3	seed_dispersal
	5
Select jobs to execute...

[Thu Apr  8 20:11:39 2021]
rule seed_dispersal:
    input: resources/Elevation/SRTM_Santa_Cruz.tif, results/output/000/simulated_movements.RData, resources/LandCover/Galapagos_Agroecosystems_LandCover2018.shp, resources/SDM_guava/Current/psidium_current_cut.gri
    output: results/output/100/simulated_data_seeds_2.RData
    jobid: 5
    wildcards: mfreq=2

[Thu Apr  8 20:17:15 2021]
Finished job 5.
1 of 5 steps (20%) done
Select jobs to execute...

[Thu Apr  8 20:17:15 2021]
rule seed_dispersal:
    input: resources/Elevation/SRTM_Santa_Cruz.tif, results/output/000/simulated_movements.RData, resources/LandCover/Galapagos_Agroecosystems_LandCover2018.shp, resources/SDM_guava/Current/psidium_current_cut.gri
    output: results/output/100/simulated_data_seeds_1.RData
    jobid: 4
    wildcards: mfreq=1

[Thu Apr  8 20:22:52 2021]
Finished job 4.
2 of 5 steps (40%) done
Select jobs to execute...

[Thu Apr  8 20:22:52 2021]
rule seed_dispersal:
    input: resources/Elevation/SRTM_Santa_Cruz.tif, results/output/000/simulated_movements.RData, resources/LandCover/Galapagos_Agroecosystems_LandCover2018.shp, resources/SDM_guava/Current/psidium_current_cut.gri
    output: results/output/100/simulated_data_seeds_4.RData
    jobid: 6
    wildcards: mfreq=4

[Thu Apr  8 20:28:26 2021]
Finished job 6.
3 of 5 steps (60%) done
Select jobs to execute...

[Thu Apr  8 20:28:26 2021]
rule plot_figures:
    input: resources/Elevation/SRTM_Santa_Cruz.tif, results/output/000/chull_highland.shp, results/output/000/chull_lowland.shp, results/output/000/galapagos_hexagons_data.csv, results/output/000/ORSIMresults.csv, results/output/000/simulated_movements.RData, results/output/100/simulated_data_seeds_1.RData, results/output/100/simulated_data_seeds_2.RData, results/output/100/simulated_data_seeds_4.RData, resources/Dung/collected_dungpiles.csv, resources/LandCover/Galapagos_Agroecosystems_LandCover2018.shp, resources/LandCover/benitez_landcover_Santa_Cruz.shp, results/output/000/downslope_migration.RData
    output: results/figures/Figure_2.jpg, results/figures/Figure_3.jpg, results/figures/Figure_S1.jpg, results/figures/Figure_S2.jpg, results/figures/Figure_S3.jpg, results/figures/Figure_S4.jpg, results/figures/Figure_S6.jpg
    jobid: 1

[Thu Apr  8 20:29:49 2021]
Finished job 1.
4 of 5 steps (80%) done
Select jobs to execute...

[Thu Apr  8 20:29:49 2021]
localrule all:
    input: results/figures/Figure_2.jpg, results/figures/Figure_3.jpg
    jobid: 0

[Thu Apr  8 20:29:49 2021]
Finished job 0.
5 of 5 steps (100%) done
Complete log: /Volumes/Marius_SSD/Yale-MPIO/Galapagos/Galapagos-tortoise-migration/galapagos-tortoises/.snakemake/log/2021-04-08T201139.099514.snakemake.log
