Building DAG of jobs...
Using shell: /bin/bash
Provided cores: 1 (use --cores to define parallelism)
Rules claiming more threads will be scaled down.
Conda environments: ignored
Job counts:
	count	jobs
	1	all
	1	plot_figures
	3	seed_dispersal
	5
Select jobs to execute...

[Thu Apr 15 13:56:32 2021]
rule seed_dispersal:
    input: resources/Elevation/SRTM_Santa_Cruz.tif, results/output/000/simulated_movements.RData, resources/LandCover/Galapagos_Agroecosystems_LandCover2018.shp, results/output/000/chull_highland.shp, resources/SDM_guava/Current/psidium_current_cut.gri
    output: results/output/100/simulated_data_seeds_4.RData
    jobid: 6
    wildcards: mfreq=4

[Thu Apr 15 14:03:27 2021]
Finished job 6.
1 of 5 steps (20%) done
Select jobs to execute...

[Thu Apr 15 14:03:27 2021]
rule seed_dispersal:
    input: resources/Elevation/SRTM_Santa_Cruz.tif, results/output/000/simulated_movements.RData, resources/LandCover/Galapagos_Agroecosystems_LandCover2018.shp, results/output/000/chull_highland.shp, resources/SDM_guava/Current/psidium_current_cut.gri
    output: results/output/100/simulated_data_seeds_1.RData
    jobid: 4
    wildcards: mfreq=1

[Thu Apr 15 14:10:27 2021]
Finished job 4.
2 of 5 steps (40%) done
Select jobs to execute...

[Thu Apr 15 14:10:27 2021]
rule seed_dispersal:
    input: resources/Elevation/SRTM_Santa_Cruz.tif, results/output/000/simulated_movements.RData, resources/LandCover/Galapagos_Agroecosystems_LandCover2018.shp, results/output/000/chull_highland.shp, resources/SDM_guava/Current/psidium_current_cut.gri
    output: results/output/100/simulated_data_seeds_2.RData
    jobid: 5
    wildcards: mfreq=2

[Thu Apr 15 14:17:19 2021]
Finished job 5.
3 of 5 steps (60%) done
Select jobs to execute...

[Thu Apr 15 14:17:19 2021]
rule plot_figures:
    input: resources/Elevation/SRTM_Santa_Cruz.tif, results/output/000/chull_highland.shp, results/output/000/chull_lowland.shp, results/output/000/galapagos_hexagons_data.csv, results/output/000/ORSIMresults.csv, results/output/000/simulated_movements.RData, results/output/100/simulated_data_seeds_1.RData, results/output/100/simulated_data_seeds_2.RData, results/output/100/simulated_data_seeds_4.RData, resources/Dung/collected_dungpiles.csv, resources/LandCover/Galapagos_Agroecosystems_LandCover2018.shp, resources/LandCover/benitez_landcover_Santa_Cruz.shp, resources/LandCover/Zona_agricola.shp, results/output/000/downslope_migration.RData
    output: results/figures/Figure_2.jpg, results/figures/Figure_3.jpg, results/figures/Figure_S1.jpg, results/figures/Figure_S2.jpg, results/figures/Figure_S3.jpg, results/figures/Figure_S4.jpg, results/figures/Figure_S5.jpg, results/figures/Figure_S6.jpg
    jobid: 1

[Thu Apr 15 14:17:28 2021]
Error in rule plot_figures:
    jobid: 1
    output: results/figures/Figure_2.jpg, results/figures/Figure_3.jpg, results/figures/Figure_S1.jpg, results/figures/Figure_S2.jpg, results/figures/Figure_S3.jpg, results/figures/Figure_S4.jpg, results/figures/Figure_S5.jpg, results/figures/Figure_S6.jpg

RuleException:
CalledProcessError in line 28 of /Volumes/Marius_SSD/Yale-MPIO/Galapagos/Galapagos-tortoise-migration/galapagos-tortoises/workflow/rules/figures.smk:
Command 'set -euo pipefail;  Rscript --vanilla /Volumes/Marius_SSD/Yale-MPIO/Galapagos/Galapagos-tortoise-migration/galapagos-tortoises/.snakemake/scripts/tmp4b3h235f.201-plot_figures.R' returned non-zero exit status 1.
  File "/Users/mariussomveille/miniconda3/lib/python3.8/site-packages/snakemake/executors/__init__.py", line 2326, in run_wrapper
  File "/Volumes/Marius_SSD/Yale-MPIO/Galapagos/Galapagos-tortoise-migration/galapagos-tortoises/workflow/rules/figures.smk", line 28, in __rule_plot_figures
  File "/Users/mariussomveille/miniconda3/lib/python3.8/site-packages/snakemake/executors/__init__.py", line 568, in _callback
  File "/Users/mariussomveille/miniconda3/lib/python3.8/concurrent/futures/thread.py", line 57, in run
  File "/Users/mariussomveille/miniconda3/lib/python3.8/site-packages/snakemake/executors/__init__.py", line 554, in cached_or_run
  File "/Users/mariussomveille/miniconda3/lib/python3.8/site-packages/snakemake/executors/__init__.py", line 2357, in run_wrapper
Shutting down, this might take some time.
Exiting because a job execution failed. Look above for error message
Complete log: /Volumes/Marius_SSD/Yale-MPIO/Galapagos/Galapagos-tortoise-migration/galapagos-tortoises/.snakemake/log/2021-04-15T135632.865006.snakemake.log
